$completionDateTime
[1] "2017-05-25 11:33:09 PDT"

$executionTime
Time difference of 36.33163 secs

$sessionInfo
R version 3.3.3 (2017-03-06)
Platform: x86_64-w64-mingw32/x64 (64-bit)
Running under: Windows 7 x64 (build 7601) Service Pack 1

locale:
[1] LC_COLLATE=English_United States.1252 
[2] LC_CTYPE=English_United States.1252   
[3] LC_MONETARY=English_United States.1252
[4] LC_NUMERIC=C                          
[5] LC_TIME=English_United States.1252    

attached base packages:
[1] tools     stats     graphics  grDevices utils     datasets  base     

other attached packages:
 [1] gdtools_0.1.4    broom_0.4.2      svglite_1.2.0    ggplot2_2.2.1   
 [5] dplyr_0.5.0      magrittr_1.5     readxl_0.1.1     MASS_7.3-45     
 [9] rmarkdown_1.4    knitr_1.15.1     checkpoint_0.4.0

loaded via a namespace (and not attached):
 [1] Rcpp_0.12.10     mnormt_1.5-5     munsell_0.4.3    lattice_0.20-35 
 [5] colorspace_1.3-2 R6_2.2.0         highr_0.6        stringr_1.2.0   
 [9] plyr_1.8.4       parallel_3.3.3   grid_3.3.3       nlme_3.1-131    
[13] gtable_0.2.0     psych_1.7.3.21   DBI_0.6          htmltools_0.3.5 
[17] lazyeval_0.2.0   assertthat_0.1   rprojroot_1.2    digest_0.6.12   
[21] tibble_1.2       tidyr_0.6.1      reshape2_1.4.2   evaluate_0.10   
[25] labeling_0.3     stringi_1.1.3    methods_3.3.3    scales_0.4.1    
[29] backports_1.0.5  foreign_0.8-67  

